Wed May  6 17:44:41 2015
tid:-1057462528 /home/mark/src/dbt2/src/libpq/dbc_new_order.c:111
ERROR:  deadlock detected
DETAIL:  Process 56354 waits for ShareLock on transaction 2779327; blocked by process 56334.
Process 56334 waits for ShareLock on transaction 2779324; blocked by process 56354.
HINT:  See server log for query details.
CONTEXT:  while updating tuple (18456,168) in relation "stock"
SQL statement "UPDATE stock
SET s_quantity = s_quantity - $1
WHERE s_i_id = $2
  AND s_w_id = $3"

Wed May  6 17:45:16 2015
tid:-1060673792 /home/mark/src/dbt2/src/libpq/dbc_new_order.c:111
ERROR:  deadlock detected
DETAIL:  Process 56386 waits for ShareLock on transaction 2963135; blocked by process 56167.
Process 56167 waits for ShareLock on transaction 2963133; blocked by process 56386.
HINT:  See server log for query details.
CONTEXT:  while updating tuple (21298,217) in relation "stock"
SQL statement "UPDATE stock
SET s_quantity = s_quantity - $1
WHERE s_i_id = $2
  AND s_w_id = $3"

Wed May  6 17:45:18 2015
tid:-1058265344 /home/mark/src/dbt2/src/libpq/dbc_new_order.c:111
ERROR:  deadlock detected
DETAIL:  Process 56362 waits for ShareLock on transaction 2970846; blocked by process 56147.
Process 56147 waits for ShareLock on transaction 2970847; blocked by process 56362.
HINT:  See server log for query details.
CONTEXT:  while updating tuple (22132,52) in relation "stock"
SQL statement "UPDATE stock
SET s_quantity = s_quantity - $1
WHERE s_i_id = $2
  AND s_w_id = $3"

Wed May  6 17:45:18 2015
tid:-1060272384 /home/mark/src/dbt2/src/libpq/dbc_new_order.c:111
ERROR:  deadlock detected
DETAIL:  Process 56382 waits for ShareLock on transaction 2972339; blocked by process 56330.
Process 56330 waits for ShareLock on transaction 2972340; blocked by process 56382.
HINT:  See server log for query details.
CONTEXT:  while updating tuple (22172,3) in relation "stock"
SQL statement "UPDATE stock
SET s_quantity = s_quantity - $1
WHERE s_i_id = $2
  AND s_w_id = $3"

Wed May  6 17:46:18 2015
tid:-1055856896 /home/mark/src/dbt2/src/libpq/dbc_new_order.c:111
ERROR:  deadlock detected
DETAIL:  Process 56338 waits for ShareLock on transaction 3233269; blocked by process 56310.
Process 56310 waits for ShareLock on transaction 3233261; blocked by process 56338.
HINT:  See server log for query details.
CONTEXT:  while updating tuple (28283,47) in relation "stock"
SQL statement "UPDATE stock
SET s_quantity = s_quantity - $1
WHERE s_i_id = $2
  AND s_w_id = $3"

Wed May  6 17:46:26 2015
tid:-1022699776 /home/mark/src/dbt2/src/libpq/dbc_new_order.c:111
ERROR:  deadlock detected
DETAIL:  Process 56157 waits for ShareLock on transaction 3284352; blocked by process 56398.
Process 56398 waits for ShareLock on transaction 3284358; blocked by process 56157.
HINT:  See server log for query details.
CONTEXT:  while updating tuple (22942,58) in relation "stock"
SQL statement "UPDATE stock
SET s_quantity = s_quantity - $1
WHERE s_i_id = $2
  AND s_w_id = $3"

Wed May  6 17:46:29 2015
tid:-1021368576 /home/mark/src/dbt2/src/libpq/dbc_new_order.c:111
ERROR:  deadlock detected
DETAIL:  Process 56143 waits for ShareLock on transaction 3305916; blocked by process 56326.
Process 56326 waits for ShareLock on transaction 3305906; blocked by process 56143.
HINT:  See server log for query details.
CONTEXT:  while updating tuple (28776,111) in relation "stock"
SQL statement "UPDATE stock
SET s_quantity = s_quantity - $1
WHERE s_i_id = $2
  AND s_w_id = $3"

Wed May  6 17:46:49 2015
tid:-1050773760 /home/mark/src/dbt2/src/libpq/dbc_new_order.c:111
ERROR:  deadlock detected
DETAIL:  Process 56167 waits for ShareLock on transaction 3413044; blocked by process 56346.
Process 56346 waits for ShareLock on transaction 3413038; blocked by process 56167.
HINT:  See server log for query details.
CONTEXT:  while updating tuple (31275,42) in relation "stock"
SQL statement "UPDATE stock
SET s_quantity = s_quantity - $1
WHERE s_i_id = $2
  AND s_w_id = $3"

Wed May  6 17:46:55 2015
tid:-1061075200 /home/mark/src/dbt2/src/libpq/dbc_new_order.c:111
ERROR:  deadlock detected
DETAIL:  Process 56390 waits for ShareLock on transaction 3446920; blocked by process 56318.
Process 56318 waits for ShareLock on transaction 3446922; blocked by process 56390.
HINT:  See server log for query details.
CONTEXT:  while updating tuple (31352,278) in relation "stock"
SQL statement "UPDATE stock
SET s_quantity = s_quantity - $1
WHERE s_i_id = $2
  AND s_w_id = $3"

Wed May  6 17:46:58 2015
tid:-1053047040 /home/mark/src/dbt2/src/libpq/dbc_new_order.c:111
ERROR:  deadlock detected
DETAIL:  Process 56310 waits for ShareLock on transaction 3466290; blocked by process 56161.
Process 56161 waits for ShareLock on transaction 3466291; blocked by process 56310.
HINT:  See server log for query details.
CONTEXT:  while updating tuple (31471,64) in relation "stock"
SQL statement "UPDATE stock
SET s_quantity = s_quantity - $1
WHERE s_i_id = $2
  AND s_w_id = $3"

Wed May  6 17:47:03 2015
tid:-1059068160 /home/mark/src/dbt2/src/libpq/dbc_new_order.c:111
ERROR:  deadlock detected
DETAIL:  Process 56370 waits for ShareLock on transaction 3503249; blocked by process 56157.
Process 56157 waits for ShareLock on transaction 3503254; blocked by process 56370.
HINT:  See server log for query details.
CONTEXT:  while updating tuple (31764,194) in relation "stock"
SQL statement "UPDATE stock
SET s_quantity = s_quantity - $1
WHERE s_i_id = $2
  AND s_w_id = $3"

Wed May  6 17:47:23 2015
tid:-1055054080 /home/mark/src/dbt2/src/libpq/dbc_new_order.c:111
ERROR:  deadlock detected
DETAIL:  Process 56330 waits for ShareLock on transaction 3593964; blocked by process 56386.
Process 56386 waits for ShareLock on transaction 3593958; blocked by process 56330.
HINT:  See server log for query details.
CONTEXT:  while updating tuple (7150,75) in relation "stock"
SQL statement "UPDATE stock
SET s_quantity = s_quantity - $1
WHERE s_i_id = $2
  AND s_w_id = $3"

Wed May  6 17:47:48 2015
tid:-1050507520 /home/mark/src/dbt2/src/libpq/dbc_new_order.c:111
ERROR:  deadlock detected
DETAIL:  Process 56165 waits for ShareLock on transaction 3711534; blocked by process 56370.
Process 56370 waits for ShareLock on transaction 3711538; blocked by process 56165.
HINT:  See server log for query details.
CONTEXT:  while updating tuple (8251,265) in relation "stock"
SQL statement "UPDATE stock
SET s_quantity = s_quantity - $1
WHERE s_i_id = $2
  AND s_w_id = $3"

Wed May  6 17:47:53 2015
tid:-1060272384 /home/mark/src/dbt2/src/libpq/dbc_new_order.c:111
ERROR:  deadlock detected
DETAIL:  Process 56382 waits for ShareLock on transaction 3742317; blocked by process 56153.
Process 56153 waits for ShareLock on transaction 3742284; blocked by process 56382.
HINT:  See server log for query details.
CONTEXT:  while updating tuple (10095,53) in relation "stock"
SQL statement "UPDATE stock
SET s_quantity = s_quantity - $1
WHERE s_i_id = $2
  AND s_w_id = $3"

Wed May  6 17:48:00 2015
tid:-1051441408 /home/mark/src/dbt2/src/libpq/dbc_new_order.c:111
ERROR:  deadlock detected
DETAIL:  Process 56261 waits for ShareLock on transaction 3787071; blocked by process 56143.
Process 56143 waits for ShareLock on transaction 3787067; blocked by process 56261.
HINT:  See server log for query details.
CONTEXT:  while updating tuple (18792,3) in relation "stock"
SQL statement "UPDATE stock
SET s_quantity = s_quantity - $1
WHERE s_i_id = $2
  AND s_w_id = $3"

Wed May  6 17:48:08 2015
tid:-1061476608 /home/mark/src/dbt2/src/libpq/dbc_new_order.c:111
ERROR:  deadlock detected
DETAIL:  Process 56394 waits for ShareLock on transaction 3838316; blocked by process 56350.
Process 56350 waits for ShareLock on transaction 3838312; blocked by process 56394.
HINT:  See server log for query details.
CONTEXT:  while updating tuple (16953,37) in relation "stock"
SQL statement "UPDATE stock
SET s_quantity = s_quantity - $1
WHERE s_i_id = $2
  AND s_w_id = $3"

Wed May  6 17:48:12 2015
tid:-1022699776 /home/mark/src/dbt2/src/libpq/dbc_new_order.c:111
ERROR:  deadlock detected
DETAIL:  Process 56157 waits for ShareLock on transaction 3862590; blocked by process 56165.
Process 56165 waits for ShareLock on transaction 3862585; blocked by process 56157.
HINT:  See server log for query details.
CONTEXT:  while updating tuple (18401,87) in relation "stock"
SQL statement "UPDATE stock
SET s_quantity = s_quantity - $1
WHERE s_i_id = $2
  AND s_w_id = $3"

Wed May  6 17:48:43 2015
tid:-1059870976 /home/mark/src/dbt2/src/libpq/dbc_new_order.c:111
ERROR:  deadlock detected
DETAIL:  Process 56378 waits for ShareLock on transaction 4022379; blocked by process 56390.
Process 56390 waits for ShareLock on transaction 4022377; blocked by process 56378.
HINT:  See server log for query details.
CONTEXT:  while updating tuple (19095,266) in relation "stock"
SQL statement "UPDATE stock
SET s_quantity = s_quantity - $1
WHERE s_i_id = $2
  AND s_w_id = $3"

Wed May  6 17:49:16 2015
tid:-1060272384 /home/mark/src/dbt2/src/libpq/dbc_new_order.c:111
ERROR:  deadlock detected
DETAIL:  Process 56382 waits for ShareLock on transaction 4146423; blocked by process 56314.
Process 56314 waits for ShareLock on transaction 4146418; blocked by process 56382.
HINT:  See server log for query details.
CONTEXT:  while updating tuple (2119,27) in relation "stock"
SQL statement "UPDATE stock
SET s_quantity = s_quantity - $1
WHERE s_i_id = $2
  AND s_w_id = $3"

Wed May  6 17:49:28 2015
tid:-1057863936 /home/mark/src/dbt2/src/libpq/dbc_new_order.c:111
ERROR:  deadlock detected
DETAIL:  Process 56358 waits for ShareLock on transaction 4187425; blocked by process 56338.
Process 56338 waits for ShareLock on transaction 4187403; blocked by process 56358.
HINT:  See server log for query details.
CONTEXT:  while updating tuple (30260,4) in relation "stock"
SQL statement "UPDATE stock
SET s_quantity = s_quantity - $1
WHERE s_i_id = $2
  AND s_w_id = $3"

Wed May  6 17:50:03 2015
tid:-1059870976 /home/mark/src/dbt2/src/libpq/dbc_new_order.c:111
ERROR:  deadlock detected
DETAIL:  Process 56378 waits for ShareLock on transaction 4320467; blocked by process 56298.
Process 56298 waits for ShareLock on transaction 4320468; blocked by process 56378.
HINT:  See server log for query details.
CONTEXT:  while updating tuple (29574,56) in relation "stock"
SQL statement "UPDATE stock
SET s_quantity = s_quantity - $1
WHERE s_i_id = $2
  AND s_w_id = $3"

Wed May  6 17:50:08 2015
tid:-1052244224 /home/mark/src/dbt2/src/libpq/dbc_new_order.c:111
ERROR:  deadlock detected
DETAIL:  Process 56302 waits for ShareLock on transaction 4347192; blocked by process 56358.
Process 56358 waits for ShareLock on transaction 4347179; blocked by process 56302.
HINT:  See server log for query details.
CONTEXT:  while updating tuple (32998,156) in relation "stock"
SQL statement "UPDATE stock
SET s_quantity = s_quantity - $1
WHERE s_i_id = $2
  AND s_w_id = $3"

Wed May  6 17:50:43 2015
tid:-1053047040 /home/mark/src/dbt2/src/libpq/dbc_new_order.c:111
ERROR:  deadlock detected
DETAIL:  Process 56310 waits for ShareLock on transaction 4547778; blocked by process 56153.
Process 56153 waits for ShareLock on transaction 4547776; blocked by process 56310.
HINT:  See server log for query details.
CONTEXT:  while updating tuple (25185,63) in relation "stock"
SQL statement "UPDATE stock
SET s_quantity = s_quantity - $1
WHERE s_i_id = $2
  AND s_w_id = $3"

Wed May  6 17:51:12 2015
tid:-1051842816 /home/mark/src/dbt2/src/libpq/dbc_new_order.c:111
ERROR:  deadlock detected
DETAIL:  Process 56298 waits for ShareLock on transaction 4701962; blocked by process 56338.
Process 56338 waits for ShareLock on transaction 4701929; blocked by process 56298.
HINT:  See server log for query details.
CONTEXT:  while updating tuple (29234,105) in relation "stock"
SQL statement "UPDATE stock
SET s_quantity = s_quantity - $1
WHERE s_i_id = $2
  AND s_w_id = $3"

Wed May  6 17:51:41 2015
tid:-1021901056 /home/mark/src/dbt2/src/libpq/dbc_new_order.c:111
ERROR:  deadlock detected
DETAIL:  Process 56151 waits for ShareLock on transaction 4825439; blocked by process 56326.
Process 56326 waits for ShareLock on transaction 4825435; blocked by process 56151.
HINT:  See server log for query details.
CONTEXT:  while updating tuple (35341,163) in relation "stock"
SQL statement "UPDATE stock
SET s_quantity = s_quantity - $1
WHERE s_i_id = $2
  AND s_w_id = $3"

Wed May  6 17:51:50 2015
tid:-1053448448 /home/mark/src/dbt2/src/libpq/dbc_new_order.c:111
ERROR:  deadlock detected
DETAIL:  Process 56314 waits for ShareLock on transaction 4877587; blocked by process 56306.
Process 56306 waits for ShareLock on transaction 4877571; blocked by process 56314.
HINT:  See server log for query details.
CONTEXT:  while updating tuple (35472,126) in relation "stock"
SQL statement "UPDATE stock
SET s_quantity = s_quantity - $1
WHERE s_i_id = $2
  AND s_w_id = $3"

Wed May  6 17:51:57 2015
tid:-1053448448 /home/mark/src/dbt2/src/libpq/dbc_new_order.c:111
ERROR:  deadlock detected
DETAIL:  Process 56314 waits for ShareLock on transaction 4903196; blocked by process 56155.
Process 56155 waits for ShareLock on transaction 4903190; blocked by process 56314.
HINT:  See server log for query details.
CONTEXT:  while updating tuple (36095,134) in relation "stock"
SQL statement "UPDATE stock
SET s_quantity = s_quantity - $1
WHERE s_i_id = $2
  AND s_w_id = $3"

Wed May  6 17:52:03 2015
tid:-1061075200 /home/mark/src/dbt2/src/libpq/dbc_new_order.c:111
ERROR:  deadlock detected
DETAIL:  Process 56390 waits for ShareLock on transaction 4935274; blocked by process 56362.
Process 56362 waits for ShareLock on transaction 4935269; blocked by process 56390.
HINT:  See server log for query details.
CONTEXT:  while updating tuple (36399,162) in relation "stock"
SQL statement "UPDATE stock
SET s_quantity = s_quantity - $1
WHERE s_i_id = $2
  AND s_w_id = $3"

Wed May  6 17:52:11 2015
tid:-1062279424 /home/mark/src/dbt2/src/libpq/dbc_new_order.c:111
ERROR:  deadlock detected
DETAIL:  Process 56402 waits for ShareLock on transaction 4991087; blocked by process 56374.
Process 56374 waits for ShareLock on transaction 4991085; blocked by process 56402.
HINT:  See server log for query details.
CONTEXT:  while updating tuple (36429,187) in relation "stock"
SQL statement "UPDATE stock
SET s_quantity = s_quantity - $1
WHERE s_i_id = $2
  AND s_w_id = $3"

Wed May  6 17:52:33 2015
tid:-1061075200 /home/mark/src/dbt2/src/libpq/dbc_new_order.c:111
ERROR:  deadlock detected
DETAIL:  Process 56390 waits for ShareLock on transaction 5115256; blocked by process 56370.
Process 56370 waits for ShareLock on transaction 5115259; blocked by process 56390.
HINT:  See server log for query details.
CONTEXT:  while updating tuple (9206,31) in relation "stock"
SQL statement "UPDATE stock
SET s_quantity = s_quantity - $1
WHERE s_i_id = $2
  AND s_w_id = $3"

Wed May  6 17:53:28 2015
tid:-1022167296 /home/mark/src/dbt2/src/libpq/dbc_new_order.c:111
ERROR:  deadlock detected
DETAIL:  Process 56153 waits for ShareLock on transaction 5403795; blocked by process 56330.
Process 56330 waits for ShareLock on transaction 5403799; blocked by process 56153.
HINT:  See server log for query details.
CONTEXT:  while updating tuple (35951,8) in relation "stock"
SQL statement "UPDATE stock
SET s_quantity = s_quantity - $1
WHERE s_i_id = $2
  AND s_w_id = $3"

Wed May  6 17:53:48 2015
tid:-1052244224 /home/mark/src/dbt2/src/libpq/dbc_new_order.c:111
ERROR:  deadlock detected
DETAIL:  Process 56302 waits for ShareLock on transaction 5476982; blocked by process 56326.
Process 56326 waits for ShareLock on transaction 5476948; blocked by process 56302.
HINT:  See server log for query details.
CONTEXT:  while rechecking updated tuple (34374,49) in relation "stock"
SQL statement "UPDATE stock
SET s_quantity = s_quantity - $1
WHERE s_i_id = $2
  AND s_w_id = $3"

Wed May  6 17:53:48 2015
tid:-1062279424 /home/mark/src/dbt2/src/libpq/dbc_new_order.c:111
ERROR:  deadlock detected
DETAIL:  Process 56402 waits for ShareLock on transaction 5479697; blocked by process 56394.
Process 56394 waits for ShareLock on transaction 5479698; blocked by process 56402.
HINT:  See server log for query details.
CONTEXT:  while updating tuple (35033,16) in relation "stock"
SQL statement "UPDATE stock
SET s_quantity = s_quantity - $1
WHERE s_i_id = $2
  AND s_w_id = $3"

Wed May  6 17:53:50 2015
tid:-1061878016 /home/mark/src/dbt2/src/libpq/dbc_new_order.c:111
ERROR:  deadlock detected
DETAIL:  Process 56398 waits for ShareLock on transaction 5484201; blocked by process 56382.
Process 56382 waits for ShareLock on transaction 5484203; blocked by process 56398.
HINT:  See server log for query details.
CONTEXT:  while updating tuple (35040,29) in relation "stock"
SQL statement "UPDATE stock
SET s_quantity = s_quantity - $1
WHERE s_i_id = $2
  AND s_w_id = $3"

Wed May  6 17:53:58 2015
tid:-1056659712 /home/mark/src/dbt2/src/libpq/dbc_new_order.c:111
ERROR:  deadlock detected
DETAIL:  Process 56346 waits for ShareLock on transaction 5539663; blocked by process 56153.
Process 56153 waits for ShareLock on transaction 5539668; blocked by process 56346.
HINT:  See server log for query details.
CONTEXT:  while updating tuple (34911,145) in relation "stock"
SQL statement "UPDATE stock
SET s_quantity = s_quantity - $1
WHERE s_i_id = $2
  AND s_w_id = $3"

Wed May  6 17:54:11 2015
tid:-1055054080 /home/mark/src/dbt2/src/libpq/dbc_new_order.c:111
ERROR:  deadlock detected
DETAIL:  Process 56330 waits for ShareLock on transaction 5603914; blocked by process 56402.
Process 56402 waits for ShareLock on transaction 5603921; blocked by process 56330.
HINT:  See server log for query details.
CONTEXT:  while updating tuple (41325,2) in relation "stock"
SQL statement "UPDATE stock
SET s_quantity = s_quantity - $1
WHERE s_i_id = $2
  AND s_w_id = $3"

Wed May  6 17:54:28 2015
tid:-1063356672 /home/mark/src/dbt2/src/client_interface.c:33
socket closed on _receive
Wed May  6 17:54:28 2015
tid:-1061742848 /home/mark/src/dbt2/src/client_interface.c:33
socket closed on _receive
Wed May  6 17:54:28 2015
tid:-1063897344 /home/mark/src/dbt2/src/client_interface.c:33
socket closed on _receive
Wed May  6 17:54:28 2015
tid:-1063221504 /home/mark/src/dbt2/src/client_interface.c:33
socket closed on _receive
Wed May  6 17:54:28 2015
tid:-1052109056 /home/mark/src/dbt2/src/client_interface.c:33
socket closed on _receive
Wed May  6 17:54:28 2015
tid:-1057728768 /home/mark/src/dbt2/src/client_interface.c:33
socket closed on _receive
Wed May  6 17:54:28 2015
tid:-1052510464 /home/mark/src/dbt2/src/client_interface.c:33
socket closed on _receive
Wed May  6 17:54:28 2015
tid:-1063762176 /home/mark/src/dbt2/src/client_interface.c:33
socket closed on _receive
Wed May  6 17:54:28 2015
tid:-1063491840 /home/mark/src/dbt2/src/client_interface.c:33
socket closed on _receive
Wed May  6 17:54:28 2015
tid:-1060137216 /home/mark/src/dbt2/src/client_interface.c:33
socket closed on _receive
Wed May  6 17:54:28 2015
tid:-1062951168 /home/mark/src/dbt2/src/client_interface.c:33
socket closed on _receive
Wed May  6 17:54:28 2015
tid:-1055721728 /home/mark/src/dbt2/src/client_interface.c:33
socket closed on _receive
Wed May  6 17:54:28 2015
tid:-1058531584 /home/mark/src/dbt2/src/client_interface.c:33
socket closed on _receive
Wed May  6 17:54:28 2015
tid:-1054517504 /home/mark/src/dbt2/src/client_interface.c:33
socket closed on _receive
Wed May  6 17:54:28 2015
tid:-1054918912 /home/mark/src/dbt2/src/client_interface.c:33
socket closed on _receive
Wed May  6 17:54:28 2015
tid:-1055320320 /home/mark/src/dbt2/src/client_interface.c:33
socket closed on _receive
Wed May  6 17:54:28 2015
tid:-1051306240 /home/mark/src/dbt2/src/client_interface.c:33
socket closed on _receive
Wed May  6 17:54:28 2015
tid:-1052911872 /home/mark/src/dbt2/src/client_interface.c:33
socket closed on _receive
Wed May  6 17:54:28 2015
tid:-1053313280 /home/mark/src/dbt2/src/client_interface.c:33
socket closed on _receive
Wed May  6 17:54:28 2015
tid:-1061341440 /home/mark/src/dbt2/src/client_interface.c:33
socket closed on _receive
Wed May  6 17:54:28 2015
tid:-1058130176 /home/mark/src/dbt2/src/client_interface.c:33
socket closed on _receive
Wed May  6 17:54:28 2015
tid:-1062680832 /home/mark/src/dbt2/src/client_interface.c:33
socket closed on _receive
Wed May  6 17:54:28 2015
tid:-1059334400 /home/mark/src/dbt2/src/client_interface.c:33
socket closed on _receive
Wed May  6 17:54:28 2015
tid:-1059735808 /home/mark/src/dbt2/src/client_interface.c:33
socket closed on _receive
Wed May  6 17:54:28 2015
tid:-1023232256 /home/mark/src/dbt2/src/client_interface.c:33
socket closed on _receive
Wed May  6 17:54:28 2015
tid:-1063627008 /home/mark/src/dbt2/src/client_interface.c:33
socket closed on _receive
Wed May  6 17:54:28 2015
tid:-1063086336 /home/mark/src/dbt2/src/client_interface.c:33
socket closed on _receive
Wed May  6 17:54:28 2015
tid:-1056925952 /home/mark/src/dbt2/src/client_interface.c:33
socket closed on _receive
Wed May  6 17:54:28 2015
tid:-1051707648 /home/mark/src/dbt2/src/client_interface.c:33
socket closed on _receive
Wed May  6 17:54:28 2015
tid:-1060538624 /home/mark/src/dbt2/src/client_interface.c:33
socket closed on _receive
Wed May  6 17:54:28 2015
tid:-1062816000 /home/mark/src/dbt2/src/client_interface.c:33
socket closed on _receive
Wed May  6 17:54:28 2015
tid:-1053714688 /home/mark/src/dbt2/src/client_interface.c:33
socket closed on _receive
Wed May  6 17:54:28 2015
tid:-1062144256 /home/mark/src/dbt2/src/client_interface.c:33
socket closed on _receive
Wed May  6 17:54:28 2015
tid:-1057327360 /home/mark/src/dbt2/src/client_interface.c:33
socket closed on _receive
Wed May  6 17:54:28 2015
tid:-1062545664 /home/mark/src/dbt2/src/client_interface.c:33
socket closed on _receive
Wed May  6 17:54:28 2015
tid:-1060940032 /home/mark/src/dbt2/src/client_interface.c:33
socket closed on _receive
Wed May  6 17:54:28 2015
tid:-1056524544 /home/mark/src/dbt2/src/client_interface.c:33
socket closed on _receive
Wed May  6 17:54:28 2015
tid:-1054116096 /home/mark/src/dbt2/src/client_interface.c:33
socket closed on _receive
Wed May  6 17:54:28 2015
tid:-1056123136 /home/mark/src/dbt2/src/client_interface.c:33
socket closed on _receive
Wed May  6 17:54:28 2015
tid:-1058932992 /home/mark/src/dbt2/src/client_interface.c:33
socket closed on _receive
