LOG:  database system was shut down at 2015-05-06 17:44:11 CEST
LOG:  database system is ready to accept connections
LOG:  autovacuum launcher started
ERROR:  deadlock detected
DETAIL:  Process 56354 waits for ShareLock on transaction 2779327; blocked by process 56334.
	Process 56334 waits for ShareLock on transaction 2779324; blocked by process 56354.
	Process 56354: FETCH ALL IN mycursor
	Process 56334: FETCH ALL IN mycursor
HINT:  See server log for query details.
CONTEXT:  while updating tuple (18456,168) in relation "stock"
	SQL statement "UPDATE stock
	SET s_quantity = s_quantity - $1
	WHERE s_i_id = $2
	  AND s_w_id = $3"
STATEMENT:  FETCH ALL IN mycursor
ERROR:  deadlock detected
DETAIL:  Process 56386 waits for ShareLock on transaction 2963135; blocked by process 56167.
	Process 56167 waits for ShareLock on transaction 2963133; blocked by process 56386.
	Process 56386: FETCH ALL IN mycursor
	Process 56167: FETCH ALL IN mycursor
HINT:  See server log for query details.
CONTEXT:  while updating tuple (21298,217) in relation "stock"
	SQL statement "UPDATE stock
	SET s_quantity = s_quantity - $1
	WHERE s_i_id = $2
	  AND s_w_id = $3"
STATEMENT:  FETCH ALL IN mycursor
ERROR:  deadlock detected
DETAIL:  Process 56362 waits for ShareLock on transaction 2970846; blocked by process 56147.
	Process 56147 waits for ShareLock on transaction 2970847; blocked by process 56362.
	Process 56362: FETCH ALL IN mycursor
	Process 56147: FETCH ALL IN mycursor
HINT:  See server log for query details.
CONTEXT:  while updating tuple (22132,52) in relation "stock"
	SQL statement "UPDATE stock
	SET s_quantity = s_quantity - $1
	WHERE s_i_id = $2
	  AND s_w_id = $3"
STATEMENT:  FETCH ALL IN mycursor
ERROR:  deadlock detected
DETAIL:  Process 56382 waits for ShareLock on transaction 2972339; blocked by process 56330.
	Process 56330 waits for ShareLock on transaction 2972340; blocked by process 56382.
	Process 56382: FETCH ALL IN mycursor
	Process 56330: FETCH ALL IN mycursor
HINT:  See server log for query details.
CONTEXT:  while updating tuple (22172,3) in relation "stock"
	SQL statement "UPDATE stock
	SET s_quantity = s_quantity - $1
	WHERE s_i_id = $2
	  AND s_w_id = $3"
STATEMENT:  FETCH ALL IN mycursor
ERROR:  deadlock detected
DETAIL:  Process 56338 waits for ShareLock on transaction 3233269; blocked by process 56310.
	Process 56310 waits for ShareLock on transaction 3233261; blocked by process 56338.
	Process 56338: FETCH ALL IN mycursor
	Process 56310: FETCH ALL IN mycursor
HINT:  See server log for query details.
CONTEXT:  while updating tuple (28283,47) in relation "stock"
	SQL statement "UPDATE stock
	SET s_quantity = s_quantity - $1
	WHERE s_i_id = $2
	  AND s_w_id = $3"
STATEMENT:  FETCH ALL IN mycursor
ERROR:  deadlock detected
DETAIL:  Process 56157 waits for ShareLock on transaction 3284352; blocked by process 56398.
	Process 56398 waits for ShareLock on transaction 3284358; blocked by process 56157.
	Process 56157: FETCH ALL IN mycursor
	Process 56398: FETCH ALL IN mycursor
HINT:  See server log for query details.
CONTEXT:  while updating tuple (22942,58) in relation "stock"
	SQL statement "UPDATE stock
	SET s_quantity = s_quantity - $1
	WHERE s_i_id = $2
	  AND s_w_id = $3"
STATEMENT:  FETCH ALL IN mycursor
ERROR:  deadlock detected
DETAIL:  Process 56143 waits for ShareLock on transaction 3305916; blocked by process 56326.
	Process 56326 waits for ShareLock on transaction 3305906; blocked by process 56143.
	Process 56143: FETCH ALL IN mycursor
	Process 56326: FETCH ALL IN mycursor
HINT:  See server log for query details.
CONTEXT:  while updating tuple (28776,111) in relation "stock"
	SQL statement "UPDATE stock
	SET s_quantity = s_quantity - $1
	WHERE s_i_id = $2
	  AND s_w_id = $3"
STATEMENT:  FETCH ALL IN mycursor
ERROR:  deadlock detected
DETAIL:  Process 56167 waits for ShareLock on transaction 3413044; blocked by process 56346.
	Process 56346 waits for ShareLock on transaction 3413038; blocked by process 56167.
	Process 56167: FETCH ALL IN mycursor
	Process 56346: FETCH ALL IN mycursor
HINT:  See server log for query details.
CONTEXT:  while updating tuple (31275,42) in relation "stock"
	SQL statement "UPDATE stock
	SET s_quantity = s_quantity - $1
	WHERE s_i_id = $2
	  AND s_w_id = $3"
STATEMENT:  FETCH ALL IN mycursor
ERROR:  deadlock detected
DETAIL:  Process 56390 waits for ShareLock on transaction 3446920; blocked by process 56318.
	Process 56318 waits for ShareLock on transaction 3446922; blocked by process 56390.
	Process 56390: FETCH ALL IN mycursor
	Process 56318: FETCH ALL IN mycursor
HINT:  See server log for query details.
CONTEXT:  while updating tuple (31352,278) in relation "stock"
	SQL statement "UPDATE stock
	SET s_quantity = s_quantity - $1
	WHERE s_i_id = $2
	  AND s_w_id = $3"
STATEMENT:  FETCH ALL IN mycursor
ERROR:  deadlock detected
DETAIL:  Process 56310 waits for ShareLock on transaction 3466290; blocked by process 56161.
	Process 56161 waits for ShareLock on transaction 3466291; blocked by process 56310.
	Process 56310: FETCH ALL IN mycursor
	Process 56161: FETCH ALL IN mycursor
HINT:  See server log for query details.
CONTEXT:  while updating tuple (31471,64) in relation "stock"
	SQL statement "UPDATE stock
	SET s_quantity = s_quantity - $1
	WHERE s_i_id = $2
	  AND s_w_id = $3"
STATEMENT:  FETCH ALL IN mycursor
ERROR:  deadlock detected
DETAIL:  Process 56370 waits for ShareLock on transaction 3503249; blocked by process 56157.
	Process 56157 waits for ShareLock on transaction 3503254; blocked by process 56370.
	Process 56370: FETCH ALL IN mycursor
	Process 56157: FETCH ALL IN mycursor
HINT:  See server log for query details.
CONTEXT:  while updating tuple (31764,194) in relation "stock"
	SQL statement "UPDATE stock
	SET s_quantity = s_quantity - $1
	WHERE s_i_id = $2
	  AND s_w_id = $3"
STATEMENT:  FETCH ALL IN mycursor
ERROR:  deadlock detected
DETAIL:  Process 56330 waits for ShareLock on transaction 3593964; blocked by process 56386.
	Process 56386 waits for ShareLock on transaction 3593958; blocked by process 56330.
	Process 56330: FETCH ALL IN mycursor
	Process 56386: FETCH ALL IN mycursor
HINT:  See server log for query details.
CONTEXT:  while updating tuple (7150,75) in relation "stock"
	SQL statement "UPDATE stock
	SET s_quantity = s_quantity - $1
	WHERE s_i_id = $2
	  AND s_w_id = $3"
STATEMENT:  FETCH ALL IN mycursor
ERROR:  deadlock detected
DETAIL:  Process 56165 waits for ShareLock on transaction 3711534; blocked by process 56370.
	Process 56370 waits for ShareLock on transaction 3711538; blocked by process 56165.
	Process 56165: FETCH ALL IN mycursor
	Process 56370: FETCH ALL IN mycursor
HINT:  See server log for query details.
CONTEXT:  while updating tuple (8251,265) in relation "stock"
	SQL statement "UPDATE stock
	SET s_quantity = s_quantity - $1
	WHERE s_i_id = $2
	  AND s_w_id = $3"
STATEMENT:  FETCH ALL IN mycursor
ERROR:  deadlock detected
DETAIL:  Process 56382 waits for ShareLock on transaction 3742317; blocked by process 56153.
	Process 56153 waits for ShareLock on transaction 3742284; blocked by process 56382.
	Process 56382: FETCH ALL IN mycursor
	Process 56153: FETCH ALL IN mycursor
HINT:  See server log for query details.
CONTEXT:  while updating tuple (10095,53) in relation "stock"
	SQL statement "UPDATE stock
	SET s_quantity = s_quantity - $1
	WHERE s_i_id = $2
	  AND s_w_id = $3"
STATEMENT:  FETCH ALL IN mycursor
ERROR:  deadlock detected
DETAIL:  Process 56261 waits for ShareLock on transaction 3787071; blocked by process 56143.
	Process 56143 waits for ShareLock on transaction 3787067; blocked by process 56261.
	Process 56261: FETCH ALL IN mycursor
	Process 56143: FETCH ALL IN mycursor
HINT:  See server log for query details.
CONTEXT:  while updating tuple (18792,3) in relation "stock"
	SQL statement "UPDATE stock
	SET s_quantity = s_quantity - $1
	WHERE s_i_id = $2
	  AND s_w_id = $3"
STATEMENT:  FETCH ALL IN mycursor
ERROR:  deadlock detected
DETAIL:  Process 56394 waits for ShareLock on transaction 3838316; blocked by process 56350.
	Process 56350 waits for ShareLock on transaction 3838312; blocked by process 56394.
	Process 56394: FETCH ALL IN mycursor
	Process 56350: FETCH ALL IN mycursor
HINT:  See server log for query details.
CONTEXT:  while updating tuple (16953,37) in relation "stock"
	SQL statement "UPDATE stock
	SET s_quantity = s_quantity - $1
	WHERE s_i_id = $2
	  AND s_w_id = $3"
STATEMENT:  FETCH ALL IN mycursor
ERROR:  deadlock detected
DETAIL:  Process 56157 waits for ShareLock on transaction 3862590; blocked by process 56165.
	Process 56165 waits for ShareLock on transaction 3862585; blocked by process 56157.
	Process 56157: FETCH ALL IN mycursor
	Process 56165: FETCH ALL IN mycursor
HINT:  See server log for query details.
CONTEXT:  while updating tuple (18401,87) in relation "stock"
	SQL statement "UPDATE stock
	SET s_quantity = s_quantity - $1
	WHERE s_i_id = $2
	  AND s_w_id = $3"
STATEMENT:  FETCH ALL IN mycursor
ERROR:  deadlock detected
DETAIL:  Process 56378 waits for ShareLock on transaction 4022379; blocked by process 56390.
	Process 56390 waits for ShareLock on transaction 4022377; blocked by process 56378.
	Process 56378: FETCH ALL IN mycursor
	Process 56390: FETCH ALL IN mycursor
HINT:  See server log for query details.
CONTEXT:  while updating tuple (19095,266) in relation "stock"
	SQL statement "UPDATE stock
	SET s_quantity = s_quantity - $1
	WHERE s_i_id = $2
	  AND s_w_id = $3"
STATEMENT:  FETCH ALL IN mycursor
ERROR:  deadlock detected
DETAIL:  Process 56382 waits for ShareLock on transaction 4146423; blocked by process 56314.
	Process 56314 waits for ShareLock on transaction 4146418; blocked by process 56382.
	Process 56382: FETCH ALL IN mycursor
	Process 56314: FETCH ALL IN mycursor
HINT:  See server log for query details.
CONTEXT:  while updating tuple (2119,27) in relation "stock"
	SQL statement "UPDATE stock
	SET s_quantity = s_quantity - $1
	WHERE s_i_id = $2
	  AND s_w_id = $3"
STATEMENT:  FETCH ALL IN mycursor
ERROR:  deadlock detected
DETAIL:  Process 56358 waits for ShareLock on transaction 4187425; blocked by process 56338.
	Process 56338 waits for ShareLock on transaction 4187403; blocked by process 56358.
	Process 56358: FETCH ALL IN mycursor
	Process 56338: FETCH ALL IN mycursor
HINT:  See server log for query details.
CONTEXT:  while updating tuple (30260,4) in relation "stock"
	SQL statement "UPDATE stock
	SET s_quantity = s_quantity - $1
	WHERE s_i_id = $2
	  AND s_w_id = $3"
STATEMENT:  FETCH ALL IN mycursor
ERROR:  deadlock detected
DETAIL:  Process 56378 waits for ShareLock on transaction 4320467; blocked by process 56298.
	Process 56298 waits for ShareLock on transaction 4320468; blocked by process 56378.
	Process 56378: FETCH ALL IN mycursor
	Process 56298: FETCH ALL IN mycursor
HINT:  See server log for query details.
CONTEXT:  while updating tuple (29574,56) in relation "stock"
	SQL statement "UPDATE stock
	SET s_quantity = s_quantity - $1
	WHERE s_i_id = $2
	  AND s_w_id = $3"
STATEMENT:  FETCH ALL IN mycursor
ERROR:  deadlock detected
DETAIL:  Process 56302 waits for ShareLock on transaction 4347192; blocked by process 56358.
	Process 56358 waits for ShareLock on transaction 4347179; blocked by process 56302.
	Process 56302: FETCH ALL IN mycursor
	Process 56358: FETCH ALL IN mycursor
HINT:  See server log for query details.
CONTEXT:  while updating tuple (32998,156) in relation "stock"
	SQL statement "UPDATE stock
	SET s_quantity = s_quantity - $1
	WHERE s_i_id = $2
	  AND s_w_id = $3"
STATEMENT:  FETCH ALL IN mycursor
ERROR:  deadlock detected
DETAIL:  Process 56310 waits for ShareLock on transaction 4547778; blocked by process 56153.
	Process 56153 waits for ShareLock on transaction 4547776; blocked by process 56310.
	Process 56310: FETCH ALL IN mycursor
	Process 56153: FETCH ALL IN mycursor
HINT:  See server log for query details.
CONTEXT:  while updating tuple (25185,63) in relation "stock"
	SQL statement "UPDATE stock
	SET s_quantity = s_quantity - $1
	WHERE s_i_id = $2
	  AND s_w_id = $3"
STATEMENT:  FETCH ALL IN mycursor
ERROR:  deadlock detected
DETAIL:  Process 56298 waits for ShareLock on transaction 4701962; blocked by process 56338.
	Process 56338 waits for ShareLock on transaction 4701929; blocked by process 56298.
	Process 56298: FETCH ALL IN mycursor
	Process 56338: FETCH ALL IN mycursor
HINT:  See server log for query details.
CONTEXT:  while updating tuple (29234,105) in relation "stock"
	SQL statement "UPDATE stock
	SET s_quantity = s_quantity - $1
	WHERE s_i_id = $2
	  AND s_w_id = $3"
STATEMENT:  FETCH ALL IN mycursor
ERROR:  deadlock detected
DETAIL:  Process 56151 waits for ShareLock on transaction 4825439; blocked by process 56326.
	Process 56326 waits for ShareLock on transaction 4825435; blocked by process 56151.
	Process 56151: FETCH ALL IN mycursor
	Process 56326: FETCH ALL IN mycursor
HINT:  See server log for query details.
CONTEXT:  while updating tuple (35341,163) in relation "stock"
	SQL statement "UPDATE stock
	SET s_quantity = s_quantity - $1
	WHERE s_i_id = $2
	  AND s_w_id = $3"
STATEMENT:  FETCH ALL IN mycursor
ERROR:  deadlock detected
DETAIL:  Process 56314 waits for ShareLock on transaction 4877587; blocked by process 56306.
	Process 56306 waits for ShareLock on transaction 4877571; blocked by process 56314.
	Process 56314: FETCH ALL IN mycursor
	Process 56306: FETCH ALL IN mycursor
HINT:  See server log for query details.
CONTEXT:  while updating tuple (35472,126) in relation "stock"
	SQL statement "UPDATE stock
	SET s_quantity = s_quantity - $1
	WHERE s_i_id = $2
	  AND s_w_id = $3"
STATEMENT:  FETCH ALL IN mycursor
ERROR:  deadlock detected
DETAIL:  Process 56314 waits for ShareLock on transaction 4903196; blocked by process 56155.
	Process 56155 waits for ShareLock on transaction 4903190; blocked by process 56314.
	Process 56314: FETCH ALL IN mycursor
	Process 56155: FETCH ALL IN mycursor
HINT:  See server log for query details.
CONTEXT:  while updating tuple (36095,134) in relation "stock"
	SQL statement "UPDATE stock
	SET s_quantity = s_quantity - $1
	WHERE s_i_id = $2
	  AND s_w_id = $3"
STATEMENT:  FETCH ALL IN mycursor
ERROR:  deadlock detected
DETAIL:  Process 56390 waits for ShareLock on transaction 4935274; blocked by process 56362.
	Process 56362 waits for ShareLock on transaction 4935269; blocked by process 56390.
	Process 56390: FETCH ALL IN mycursor
	Process 56362: FETCH ALL IN mycursor
HINT:  See server log for query details.
CONTEXT:  while updating tuple (36399,162) in relation "stock"
	SQL statement "UPDATE stock
	SET s_quantity = s_quantity - $1
	WHERE s_i_id = $2
	  AND s_w_id = $3"
STATEMENT:  FETCH ALL IN mycursor
ERROR:  deadlock detected
DETAIL:  Process 56402 waits for ShareLock on transaction 4991087; blocked by process 56374.
	Process 56374 waits for ShareLock on transaction 4991085; blocked by process 56402.
	Process 56402: FETCH ALL IN mycursor
	Process 56374: FETCH ALL IN mycursor
HINT:  See server log for query details.
CONTEXT:  while updating tuple (36429,187) in relation "stock"
	SQL statement "UPDATE stock
	SET s_quantity = s_quantity - $1
	WHERE s_i_id = $2
	  AND s_w_id = $3"
STATEMENT:  FETCH ALL IN mycursor
ERROR:  deadlock detected
DETAIL:  Process 56390 waits for ShareLock on transaction 5115256; blocked by process 56370.
	Process 56370 waits for ShareLock on transaction 5115259; blocked by process 56390.
	Process 56390: FETCH ALL IN mycursor
	Process 56370: FETCH ALL IN mycursor
HINT:  See server log for query details.
CONTEXT:  while updating tuple (9206,31) in relation "stock"
	SQL statement "UPDATE stock
	SET s_quantity = s_quantity - $1
	WHERE s_i_id = $2
	  AND s_w_id = $3"
STATEMENT:  FETCH ALL IN mycursor
ERROR:  deadlock detected
DETAIL:  Process 56153 waits for ShareLock on transaction 5403795; blocked by process 56330.
	Process 56330 waits for ShareLock on transaction 5403799; blocked by process 56153.
	Process 56153: FETCH ALL IN mycursor
	Process 56330: FETCH ALL IN mycursor
HINT:  See server log for query details.
CONTEXT:  while updating tuple (35951,8) in relation "stock"
	SQL statement "UPDATE stock
	SET s_quantity = s_quantity - $1
	WHERE s_i_id = $2
	  AND s_w_id = $3"
STATEMENT:  FETCH ALL IN mycursor
ERROR:  deadlock detected
DETAIL:  Process 56302 waits for ShareLock on transaction 5476982; blocked by process 56326.
	Process 56326 waits for ShareLock on transaction 5476948; blocked by process 56302.
	Process 56302: FETCH ALL IN mycursor
	Process 56326: FETCH ALL IN mycursor
HINT:  See server log for query details.
CONTEXT:  while rechecking updated tuple (34374,49) in relation "stock"
	SQL statement "UPDATE stock
	SET s_quantity = s_quantity - $1
	WHERE s_i_id = $2
	  AND s_w_id = $3"
STATEMENT:  FETCH ALL IN mycursor
ERROR:  deadlock detected
DETAIL:  Process 56402 waits for ShareLock on transaction 5479697; blocked by process 56394.
	Process 56394 waits for ShareLock on transaction 5479698; blocked by process 56402.
	Process 56402: FETCH ALL IN mycursor
	Process 56394: FETCH ALL IN mycursor
HINT:  See server log for query details.
CONTEXT:  while updating tuple (35033,16) in relation "stock"
	SQL statement "UPDATE stock
	SET s_quantity = s_quantity - $1
	WHERE s_i_id = $2
	  AND s_w_id = $3"
STATEMENT:  FETCH ALL IN mycursor
ERROR:  deadlock detected
DETAIL:  Process 56398 waits for ShareLock on transaction 5484201; blocked by process 56382.
	Process 56382 waits for ShareLock on transaction 5484203; blocked by process 56398.
	Process 56398: FETCH ALL IN mycursor
	Process 56382: FETCH ALL IN mycursor
HINT:  See server log for query details.
CONTEXT:  while updating tuple (35040,29) in relation "stock"
	SQL statement "UPDATE stock
	SET s_quantity = s_quantity - $1
	WHERE s_i_id = $2
	  AND s_w_id = $3"
STATEMENT:  FETCH ALL IN mycursor
ERROR:  deadlock detected
DETAIL:  Process 56346 waits for ShareLock on transaction 5539663; blocked by process 56153.
	Process 56153 waits for ShareLock on transaction 5539668; blocked by process 56346.
	Process 56346: FETCH ALL IN mycursor
	Process 56153: FETCH ALL IN mycursor
HINT:  See server log for query details.
CONTEXT:  while updating tuple (34911,145) in relation "stock"
	SQL statement "UPDATE stock
	SET s_quantity = s_quantity - $1
	WHERE s_i_id = $2
	  AND s_w_id = $3"
STATEMENT:  FETCH ALL IN mycursor
ERROR:  deadlock detected
DETAIL:  Process 56330 waits for ShareLock on transaction 5603914; blocked by process 56402.
	Process 56402 waits for ShareLock on transaction 5603921; blocked by process 56330.
	Process 56330: FETCH ALL IN mycursor
	Process 56402: FETCH ALL IN mycursor
HINT:  See server log for query details.
CONTEXT:  while updating tuple (41325,2) in relation "stock"
	SQL statement "UPDATE stock
	SET s_quantity = s_quantity - $1
	WHERE s_i_id = $2
	  AND s_w_id = $3"
STATEMENT:  FETCH ALL IN mycursor
LOG:  received smart shutdown request
FATAL:  terminating autovacuum process due to administrator command
FATAL:  terminating autovacuum process due to administrator command
LOG:  autovacuum launcher shutting down
FATAL:  terminating autovacuum process due to administrator command
LOG:  shutting down
LOG:  database system is shut down
